{"E:\\jestlearning\\server.js": {"path":"E:\\jestlearning\\server.js","statementMap":{"0":{"start":{"line":1,"column":16},"end":{"line":1,"column":34}},"1":{"start":{"line":2,"column":20},"end":{"line":2,"column":45}},"2":{"start":{"line":3,"column":19},"end":{"line":3,"column":52}},"3":{"start":{"line":4,"column":22},"end":{"line":4,"column":58}},"4":{"start":{"line":6,"column":12},"end":{"line":6,"column":21}},"5":{"start":{"line":7,"column":13},"end":{"line":7,"column":37}},"6":{"start":{"line":9,"column":0},"end":{"line":9,"column":12}},"7":{"start":{"line":11,"column":0},"end":{"line":11,"column":24}},"8":{"start":{"line":14,"column":0},"end":{"line":14,"column":34}},"9":{"start":{"line":15,"column":0},"end":{"line":15,"column":39}},"10":{"start":{"line":18,"column":15},"end":{"line":20,"column":2}},"11":{"start":{"line":19,"column":4},"end":{"line":19,"column":65}},"12":{"start":{"line":22,"column":0},"end":{"line":22,"column":33}}},"fnMap":{"0":{"name":"(anonymous_0)","decl":{"start":{"line":18,"column":32},"end":{"line":18,"column":33}},"loc":{"start":{"line":18,"column":38},"end":{"line":20,"column":1}},"line":18}},"branchMap":{"0":{"loc":{"start":{"line":7,"column":13},"end":{"line":7,"column":37}},"type":"binary-expr","locations":[{"start":{"line":7,"column":13},"end":{"line":7,"column":29}},{"start":{"line":7,"column":33},"end":{"line":7,"column":37}}],"line":7}},"s":{"0":2,"1":2,"2":2,"3":2,"4":2,"5":2,"6":2,"7":2,"8":2,"9":2,"10":2,"11":2,"12":2},"f":{"0":2},"b":{"0":[2,2]},"_coverageSchema":"1a1c01bbd47fc00a2c39e90264f33305004495a9","hash":"6330917b8ef3d9599d19a84c442d5838b4061017"}
,"E:\\jestlearning\\basic\\fetchMatch.js": {"path":"E:\\jestlearning\\basic\\fetchMatch.js","statementMap":{"0":{"start":{"line":1,"column":18},"end":{"line":7,"column":1}},"1":{"start":{"line":2,"column":2},"end":{"line":6,"column":5}},"2":{"start":{"line":3,"column":4},"end":{"line":5,"column":13}},"3":{"start":{"line":4,"column":6},"end":{"line":4,"column":22}},"4":{"start":{"line":9,"column":0},"end":{"line":9,"column":27}}},"fnMap":{"0":{"name":"(anonymous_0)","decl":{"start":{"line":1,"column":18},"end":{"line":1,"column":19}},"loc":{"start":{"line":1,"column":24},"end":{"line":7,"column":1}},"line":1},"1":{"name":"(anonymous_1)","decl":{"start":{"line":2,"column":21},"end":{"line":2,"column":22}},"loc":{"start":{"line":2,"column":42},"end":{"line":6,"column":3}},"line":2},"2":{"name":"(anonymous_2)","decl":{"start":{"line":3,"column":15},"end":{"line":3,"column":16}},"loc":{"start":{"line":3,"column":21},"end":{"line":5,"column":5}},"line":3}},"branchMap":{},"s":{"0":1,"1":1,"2":1,"3":1,"4":1},"f":{"0":1,"1":1,"2":1},"b":{},"_coverageSchema":"1a1c01bbd47fc00a2c39e90264f33305004495a9","hash":"2c85970a688a71df675393236fd5672dda43d44e"}
,"E:\\jestlearning\\basic\\max.js": {"path":"E:\\jestlearning\\basic\\max.js","statementMap":{"0":{"start":{"line":2,"column":2},"end":{"line":3,"column":16}},"1":{"start":{"line":2,"column":13},"end":{"line":2,"column":22}},"2":{"start":{"line":3,"column":7},"end":{"line":3,"column":16}},"3":{"start":{"line":6,"column":0},"end":{"line":6,"column":21}}},"fnMap":{"0":{"name":"max","decl":{"start":{"line":1,"column":9},"end":{"line":1,"column":12}},"loc":{"start":{"line":1,"column":19},"end":{"line":4,"column":1}},"line":1}},"branchMap":{"0":{"loc":{"start":{"line":2,"column":2},"end":{"line":3,"column":16}},"type":"if","locations":[{"start":{"line":2,"column":2},"end":{"line":3,"column":16}},{"start":{"line":3,"column":7},"end":{"line":3,"column":16}}],"line":2}},"s":{"0":3,"1":1,"2":2,"3":1},"f":{"0":3},"b":{"0":[1,2]},"_coverageSchema":"1a1c01bbd47fc00a2c39e90264f33305004495a9","hash":"0ba4e0c99d5033f5f6c4d20b3f18c86eb4be6799"}
,"E:\\jestlearning\\basic\\sum.js": {"path":"E:\\jestlearning\\basic\\sum.js","statementMap":{"0":{"start":{"line":2,"column":2},"end":{"line":2,"column":13}},"1":{"start":{"line":5,"column":0},"end":{"line":5,"column":21}}},"fnMap":{"0":{"name":"sum","decl":{"start":{"line":1,"column":9},"end":{"line":1,"column":12}},"loc":{"start":{"line":1,"column":15},"end":{"line":3,"column":1}},"line":1}},"branchMap":{},"s":{"0":1,"1":1},"f":{"0":1},"b":{},"_coverageSchema":"1a1c01bbd47fc00a2c39e90264f33305004495a9","hash":"418a9349ad1841995e7e1c43ba7a286655282055"}
,"E:\\jestlearning\\config\\db.js": {"path":"E:\\jestlearning\\config\\db.js","statementMap":{"0":{"start":{"line":1,"column":0},"end":{"line":1,"column":27}},"1":{"start":{"line":3,"column":17},"end":{"line":3,"column":36}},"2":{"start":{"line":5,"column":18},"end":{"line":13,"column":1}},"3":{"start":{"line":6,"column":2},"end":{"line":12,"column":3}},"4":{"start":{"line":7,"column":4},"end":{"line":7,"column":47}},"5":{"start":{"line":8,"column":4},"end":{"line":8,"column":32}},"6":{"start":{"line":10,"column":4},"end":{"line":10,"column":63}},"7":{"start":{"line":11,"column":4},"end":{"line":11,"column":20}},"8":{"start":{"line":15,"column":0},"end":{"line":15,"column":27}}},"fnMap":{"0":{"name":"(anonymous_0)","decl":{"start":{"line":5,"column":18},"end":{"line":5,"column":19}},"loc":{"start":{"line":5,"column":30},"end":{"line":13,"column":1}},"line":5}},"branchMap":{},"s":{"0":3,"1":3,"2":3,"3":6,"4":6,"5":4,"6":0,"7":0,"8":3},"f":{"0":6},"b":{},"_coverageSchema":"1a1c01bbd47fc00a2c39e90264f33305004495a9","hash":"e7c2bf14d1d03ba2574143f43585d3eb70d453c9"}
,"E:\\jestlearning\\controllers\\productController.js": {"path":"E:\\jestlearning\\controllers\\productController.js","statementMap":{"0":{"start":{"line":1,"column":17},"end":{"line":1,"column":53}},"1":{"start":{"line":5,"column":2},"end":{"line":17,"column":5}},"2":{"start":{"line":6,"column":37},"end":{"line":6,"column":45}},"3":{"start":{"line":7,"column":20},"end":{"line":11,"column":8}},"4":{"start":{"line":12,"column":6},"end":{"line":12,"column":26}},"5":{"start":{"line":13,"column":6},"end":{"line":13,"column":68}},"6":{"start":{"line":16,"column":6},"end":{"line":16,"column":31}},"7":{"start":{"line":24,"column":2},"end":{"line":36,"column":3}},"8":{"start":{"line":25,"column":26},"end":{"line":25,"column":36}},"9":{"start":{"line":27,"column":20},"end":{"line":27,"column":54}},"10":{"start":{"line":28,"column":4},"end":{"line":30,"column":5}},"11":{"start":{"line":29,"column":6},"end":{"line":29,"column":68}},"12":{"start":{"line":32,"column":4},"end":{"line":32,"column":58}},"13":{"start":{"line":34,"column":4},"end":{"line":34,"column":50}},"14":{"start":{"line":35,"column":4},"end":{"line":35,"column":85}},"15":{"start":{"line":40,"column":0},"end":{"line":43,"column":1}}},"fnMap":{"0":{"name":"insertProduct","decl":{"start":{"line":4,"column":16},"end":{"line":4,"column":29}},"loc":{"start":{"line":4,"column":39},"end":{"line":18,"column":1}},"line":4},"1":{"name":"getProductHandler","decl":{"start":{"line":22,"column":15},"end":{"line":22,"column":32}},"loc":{"start":{"line":22,"column":42},"end":{"line":38,"column":1}},"line":22}},"branchMap":{"0":{"loc":{"start":{"line":28,"column":4},"end":{"line":30,"column":5}},"type":"if","locations":[{"start":{"line":28,"column":4},"end":{"line":30,"column":5}},{"start":{},"end":{}}],"line":28}},"s":{"0":2,"1":1,"2":1,"3":1,"4":1,"5":1,"6":0,"7":1,"8":1,"9":1,"10":1,"11":1,"12":0,"13":0,"14":0,"15":2},"f":{"0":1,"1":1},"b":{"0":[1,0]},"_coverageSchema":"1a1c01bbd47fc00a2c39e90264f33305004495a9","hash":"929c8816a0e9128250dc0291503651fb95fc823c"}
,"E:\\jestlearning\\controllers\\userController.js": {"path":"E:\\jestlearning\\controllers\\userController.js","statementMap":{"0":{"start":{"line":1,"column":14},"end":{"line":1,"column":44}},"1":{"start":{"line":2,"column":15},"end":{"line":2,"column":32}},"2":{"start":{"line":3,"column":12},"end":{"line":3,"column":35}},"3":{"start":{"line":7,"column":20},"end":{"line":9,"column":1}},"4":{"start":{"line":8,"column":2},"end":{"line":8,"column":71}},"5":{"start":{"line":11,"column":2},"end":{"line":22,"column":1}},"6":{"start":{"line":12,"column":35},"end":{"line":12,"column":43}},"7":{"start":{"line":13,"column":4},"end":{"line":15,"column":5}},"8":{"start":{"line":14,"column":6},"end":{"line":14,"column":90}},"9":{"start":{"line":18,"column":4},"end":{"line":18,"column":40}},"10":{"start":{"line":20,"column":4},"end":{"line":20,"column":46}},"11":{"start":{"line":21,"column":4},"end":{"line":21,"column":92}},"12":{"start":{"line":26,"column":2},"end":{"line":42,"column":9}},"13":{"start":{"line":27,"column":40},"end":{"line":27,"column":48}},"14":{"start":{"line":28,"column":4},"end":{"line":30,"column":7}},"15":{"start":{"line":29,"column":6},"end":{"line":29,"column":74}},"16":{"start":{"line":31,"column":21},"end":{"line":31,"column":54}},"17":{"start":{"line":32,"column":6},"end":{"line":34,"column":9}},"18":{"start":{"line":33,"column":8},"end":{"line":33,"column":76}},"19":{"start":{"line":35,"column":31},"end":{"line":35,"column":62}},"20":{"start":{"line":36,"column":21},"end":{"line":36,"column":86}},"21":{"start":{"line":37,"column":22},"end":{"line":37,"column":43}},"22":{"start":{"line":38,"column":8},"end":{"line":38,"column":77}},"23":{"start":{"line":40,"column":10},"end":{"line":40,"column":59}},"24":{"start":{"line":41,"column":10},"end":{"line":41,"column":95}},"25":{"start":{"line":48,"column":0},"end":{"line":52,"column":1}}},"fnMap":{"0":{"name":"(anonymous_0)","decl":{"start":{"line":7,"column":20},"end":{"line":7,"column":21}},"loc":{"start":{"line":7,"column":28},"end":{"line":9,"column":1}},"line":7},"1":{"name":"Login","decl":{"start":{"line":10,"column":15},"end":{"line":10,"column":20}},"loc":{"start":{"line":10,"column":31},"end":{"line":23,"column":1}},"line":10},"2":{"name":"register","decl":{"start":{"line":25,"column":15},"end":{"line":25,"column":23}},"loc":{"start":{"line":25,"column":32},"end":{"line":44,"column":1}},"line":25}},"branchMap":{"0":{"loc":{"start":{"line":13,"column":4},"end":{"line":15,"column":5}},"type":"if","locations":[{"start":{"line":13,"column":4},"end":{"line":15,"column":5}},{"start":{},"end":{}}],"line":13},"1":{"loc":{"start":{"line":13,"column":8},"end":{"line":13,"column":30}},"type":"binary-expr","locations":[{"start":{"line":13,"column":8},"end":{"line":13,"column":17}},{"start":{"line":13,"column":21},"end":{"line":13,"column":30}}],"line":13},"2":{"loc":{"start":{"line":28,"column":4},"end":{"line":30,"column":7}},"type":"if","locations":[{"start":{"line":28,"column":4},"end":{"line":30,"column":7}},{"start":{},"end":{}}],"line":28},"3":{"loc":{"start":{"line":28,"column":8},"end":{"line":28,"column":40}},"type":"binary-expr","locations":[{"start":{"line":28,"column":8},"end":{"line":28,"column":17}},{"start":{"line":28,"column":21},"end":{"line":28,"column":30}},{"start":{"line":28,"column":34},"end":{"line":28,"column":40}}],"line":28},"4":{"loc":{"start":{"line":32,"column":6},"end":{"line":34,"column":9}},"type":"if","locations":[{"start":{"line":32,"column":6},"end":{"line":34,"column":9}},{"start":{},"end":{}}],"line":32}},"s":{"0":2,"1":2,"2":2,"3":2,"4":0,"5":2,"6":2,"7":2,"8":0,"9":2,"10":0,"11":0,"12":0,"13":0,"14":0,"15":0,"16":0,"17":0,"18":0,"19":0,"20":0,"21":0,"22":0,"23":0,"24":0,"25":2},"f":{"0":0,"1":2,"2":0},"b":{"0":[0,2],"1":[2,2],"2":[0,0],"3":[0,0,0],"4":[0,0]},"_coverageSchema":"1a1c01bbd47fc00a2c39e90264f33305004495a9","hash":"c16b9a48beaa0eef6dfce1d975ecbea339aeacb7"}
,"E:\\jestlearning\\models\\productModel.js": {"path":"E:\\jestlearning\\models\\productModel.js","statementMap":{"0":{"start":{"line":1,"column":17},"end":{"line":1,"column":36}},"1":{"start":{"line":4,"column":22},"end":{"line":8,"column":2}},"2":{"start":{"line":10,"column":18},"end":{"line":10,"column":85}},"3":{"start":{"line":12,"column":0},"end":{"line":12,"column":26}}},"fnMap":{},"branchMap":{"0":{"loc":{"start":{"line":10,"column":18},"end":{"line":10,"column":85}},"type":"binary-expr","locations":[{"start":{"line":10,"column":18},"end":{"line":10,"column":41}},{"start":{"line":10,"column":45},"end":{"line":10,"column":85}}],"line":10}},"s":{"0":2,"1":2,"2":2,"3":2},"f":{},"b":{"0":[2,1]},"_coverageSchema":"1a1c01bbd47fc00a2c39e90264f33305004495a9","hash":"eaee29dc6012fd343706c02bac6bff48b177668b"}
,"E:\\jestlearning\\models\\userModel.js": {"path":"E:\\jestlearning\\models\\userModel.js","statementMap":{"0":{"start":{"line":1,"column":17},"end":{"line":1,"column":36}},"1":{"start":{"line":4,"column":19},"end":{"line":8,"column":2}},"2":{"start":{"line":10,"column":15},"end":{"line":10,"column":76}},"3":{"start":{"line":12,"column":0},"end":{"line":12,"column":23}}},"fnMap":{},"branchMap":{"0":{"loc":{"start":{"line":10,"column":15},"end":{"line":10,"column":76}},"type":"binary-expr","locations":[{"start":{"line":10,"column":15},"end":{"line":10,"column":35}},{"start":{"line":10,"column":39},"end":{"line":10,"column":76}}],"line":10}},"s":{"0":2,"1":2,"2":2,"3":2},"f":{},"b":{"0":[2,2]},"_coverageSchema":"1a1c01bbd47fc00a2c39e90264f33305004495a9","hash":"d386618594cb8e6b16c3ee585bed576a9f01890f"}
,"E:\\jestlearning\\routes\\ProductRouter.js": {"path":"E:\\jestlearning\\routes\\ProductRouter.js","statementMap":{"0":{"start":{"line":1,"column":16},"end":{"line":1,"column":34}},"1":{"start":{"line":2,"column":44},"end":{"line":2,"column":87}},"2":{"start":{"line":5,"column":22},"end":{"line":5,"column":38}},"3":{"start":{"line":8,"column":0},"end":{"line":8,"column":51}},"4":{"start":{"line":9,"column":0},"end":{"line":9,"column":44}},"5":{"start":{"line":12,"column":0},"end":{"line":12,"column":31}}},"fnMap":{},"branchMap":{},"s":{"0":2,"1":2,"2":2,"3":2,"4":2,"5":2},"f":{},"b":{},"_coverageSchema":"1a1c01bbd47fc00a2c39e90264f33305004495a9","hash":"673c9d0bda13eb2c90392daf4aa3a17718fe249a"}
,"E:\\jestlearning\\routes\\UserRouter.js": {"path":"E:\\jestlearning\\routes\\UserRouter.js","statementMap":{"0":{"start":{"line":1,"column":16},"end":{"line":1,"column":34}},"1":{"start":{"line":2,"column":28},"end":{"line":2,"column":68}},"2":{"start":{"line":5,"column":19},"end":{"line":5,"column":35}},"3":{"start":{"line":8,"column":0},"end":{"line":8,"column":32}},"4":{"start":{"line":9,"column":0},"end":{"line":9,"column":38}},"5":{"start":{"line":11,"column":0},"end":{"line":11,"column":28}}},"fnMap":{},"branchMap":{},"s":{"0":2,"1":2,"2":2,"3":2,"4":2,"5":2},"f":{},"b":{},"_coverageSchema":"1a1c01bbd47fc00a2c39e90264f33305004495a9","hash":"c279980dcbcef4a6beee2f4aa23131f39f78c71e"}
}
