TN:
SF:server.js
FN:18,(anonymous_0)
FNF:1
FNH:1
FNDA:2,(anonymous_0)
DA:1,2
DA:2,2
DA:3,2
DA:4,2
DA:6,2
DA:7,2
DA:9,2
DA:11,2
DA:14,2
DA:15,2
DA:18,2
DA:19,2
DA:22,2
LF:13
LH:13
BRDA:7,0,0,2
BRDA:7,0,1,2
BRF:2
BRH:2
end_of_record
TN:
SF:basic\fetchMatch.js
FN:1,(anonymous_0)
FN:2,(anonymous_1)
FN:3,(anonymous_2)
FNF:3
FNH:3
FNDA:1,(anonymous_0)
FNDA:1,(anonymous_1)
FNDA:1,(anonymous_2)
DA:1,1
DA:2,1
DA:3,1
DA:4,1
DA:9,1
LF:5
LH:5
BRF:0
BRH:0
end_of_record
TN:
SF:basic\max.js
FN:1,max
FNF:1
FNH:1
FNDA:3,max
DA:2,3
DA:3,2
DA:6,1
LF:3
LH:3
BRDA:2,0,0,1
BRDA:2,0,1,2
BRF:2
BRH:2
end_of_record
TN:
SF:basic\sum.js
FN:1,sum
FNF:1
FNH:1
FNDA:1,sum
DA:2,1
DA:5,1
LF:2
LH:2
BRF:0
BRH:0
end_of_record
TN:
SF:config\db.js
FN:5,(anonymous_0)
FNF:1
FNH:1
FNDA:6,(anonymous_0)
DA:1,3
DA:3,3
DA:5,3
DA:6,6
DA:7,6
DA:8,4
DA:10,0
DA:11,0
DA:15,3
LF:9
LH:7
BRF:0
BRH:0
end_of_record
TN:
SF:controllers\productController.js
FN:4,insertProduct
FN:22,getProductHandler
FNF:2
FNH:2
FNDA:1,insertProduct
FNDA:1,getProductHandler
DA:1,2
DA:5,1
DA:6,1
DA:7,1
DA:12,1
DA:13,1
DA:16,0
DA:24,1
DA:25,1
DA:27,1
DA:28,1
DA:29,1
DA:32,0
DA:34,0
DA:35,0
DA:40,2
LF:16
LH:12
BRDA:28,0,0,1
BRDA:28,0,1,0
BRF:2
BRH:1
end_of_record
TN:
SF:controllers\userController.js
FN:7,(anonymous_0)
FN:10,Login
FN:25,register
FNF:3
FNH:1
FNDA:0,(anonymous_0)
FNDA:2,Login
FNDA:0,register
DA:1,2
DA:2,2
DA:3,2
DA:7,2
DA:8,0
DA:11,2
DA:12,2
DA:13,2
DA:14,0
DA:18,2
DA:20,0
DA:21,0
DA:26,0
DA:27,0
DA:28,0
DA:29,0
DA:31,0
DA:32,0
DA:33,0
DA:35,0
DA:36,0
DA:37,0
DA:38,0
DA:40,0
DA:41,0
DA:48,2
LF:26
LH:9
BRDA:13,0,0,0
BRDA:13,0,1,2
BRDA:13,1,0,2
BRDA:13,1,1,2
BRDA:28,2,0,0
BRDA:28,2,1,0
BRDA:28,3,0,0
BRDA:28,3,1,0
BRDA:28,3,2,0
BRDA:32,4,0,0
BRDA:32,4,1,0
BRF:11
BRH:3
end_of_record
TN:
SF:models\productModel.js
FNF:0
FNH:0
DA:1,2
DA:4,2
DA:10,2
DA:12,2
LF:4
LH:4
BRDA:10,0,0,2
BRDA:10,0,1,1
BRF:2
BRH:2
end_of_record
TN:
SF:models\userModel.js
FNF:0
FNH:0
DA:1,2
DA:4,2
DA:10,2
DA:12,2
LF:4
LH:4
BRDA:10,0,0,2
BRDA:10,0,1,2
BRF:2
BRH:2
end_of_record
TN:
SF:routes\ProductRouter.js
FNF:0
FNH:0
DA:1,2
DA:2,2
DA:5,2
DA:8,2
DA:9,2
DA:12,2
LF:6
LH:6
BRF:0
BRH:0
end_of_record
TN:
SF:routes\UserRouter.js
FNF:0
FNH:0
DA:1,2
DA:2,2
DA:5,2
DA:8,2
DA:9,2
DA:11,2
LF:6
LH:6
BRF:0
BRH:0
end_of_record
